<?xml version="1.0" encoding="UTF-8"?>
<testsuite xmlns:xsi="http://www.w3.org/2001/XMLSchema-instance" xsi:noNamespaceSchemaLocation="https://maven.apache.org/surefire/maven-surefire-plugin/xsd/surefire-test-report-3.0.xsd" version="3.0" name="qaclickacademy.RestAPITest" time="0.014" tests="0" errors="0" skipped="0" failures="0">
  <properties>
    <property name="sun.desktop" value="windows"/>
    <property name="awt.toolkit" value="sun.awt.windows.WToolkit"/>
    <property name="java.specification.version" value="11"/>
    <property name="sun.cpu.isalist" value="amd64"/>
    <property name="sun.jnu.encoding" value="Cp1252"/>
    <property name="java.class.path" value="C:\Users\Sujith\MavenJava\target\test-classes;C:\Users\Sujith\MavenJava\target\classes;C:\Users\Sujith\.m2\repository\org\seleniumhq\selenium\selenium-java\3.141.59\selenium-java-3.141.59.jar;C:\Users\Sujith\.m2\repository\org\seleniumhq\selenium\selenium-api\3.141.59\selenium-api-3.141.59.jar;C:\Users\Sujith\.m2\repository\org\seleniumhq\selenium\selenium-chrome-driver\3.141.59\selenium-chrome-driver-3.141.59.jar;C:\Users\Sujith\.m2\repository\org\seleniumhq\selenium\selenium-edge-driver\3.141.59\selenium-edge-driver-3.141.59.jar;C:\Users\Sujith\.m2\repository\org\seleniumhq\selenium\selenium-firefox-driver\3.141.59\selenium-firefox-driver-3.141.59.jar;C:\Users\Sujith\.m2\repository\org\seleniumhq\selenium\selenium-ie-driver\3.141.59\selenium-ie-driver-3.141.59.jar;C:\Users\Sujith\.m2\repository\org\seleniumhq\selenium\selenium-opera-driver\3.141.59\selenium-opera-driver-3.141.59.jar;C:\Users\Sujith\.m2\repository\org\seleniumhq\selenium\selenium-remote-driver\3.141.59\selenium-remote-driver-3.141.59.jar;C:\Users\Sujith\.m2\repository\org\seleniumhq\selenium\selenium-safari-driver\3.141.59\selenium-safari-driver-3.141.59.jar;C:\Users\Sujith\.m2\repository\org\seleniumhq\selenium\selenium-support\3.141.59\selenium-support-3.141.59.jar;C:\Users\Sujith\.m2\repository\net\bytebuddy\byte-buddy\1.8.15\byte-buddy-1.8.15.jar;C:\Users\Sujith\.m2\repository\org\apache\commons\commons-exec\1.3\commons-exec-1.3.jar;C:\Users\Sujith\.m2\repository\com\google\guava\guava\25.0-jre\guava-25.0-jre.jar;C:\Users\Sujith\.m2\repository\com\google\code\findbugs\jsr305\1.3.9\jsr305-1.3.9.jar;C:\Users\Sujith\.m2\repository\org\checkerframework\checker-compat-qual\2.0.0\checker-compat-qual-2.0.0.jar;C:\Users\Sujith\.m2\repository\com\google\errorprone\error_prone_annotations\2.1.3\error_prone_annotations-2.1.3.jar;C:\Users\Sujith\.m2\repository\com\google\j2objc\j2objc-annotations\1.1\j2objc-annotations-1.1.jar;C:\Users\Sujith\.m2\repository\org\codehaus\mojo\animal-sniffer-annotations\1.14\animal-sniffer-annotations-1.14.jar;C:\Users\Sujith\.m2\repository\com\squareup\okhttp3\okhttp\3.11.0\okhttp-3.11.0.jar;C:\Users\Sujith\.m2\repository\com\squareup\okio\okio\1.14.0\okio-1.14.0.jar;C:\Users\Sujith\.m2\repository\org\netbeans\modules\org-netbeans-modules-websvc-restapi\RELEASE112\org-netbeans-modules-websvc-restapi-RELEASE112.jar;C:\Users\Sujith\.m2\repository\org\netbeans\api\org-netbeans-api-java\RELEASE112\org-netbeans-api-java-RELEASE112.jar;C:\Users\Sujith\.m2\repository\org\netbeans\api\org-netbeans-api-annotations-common\RELEASE112\org-netbeans-api-annotations-common-RELEASE112.jar;C:\Users\Sujith\.m2\repository\org\netbeans\api\org-netbeans-api-java-classpath\RELEASE112\org-netbeans-api-java-classpath-RELEASE112.jar;C:\Users\Sujith\.m2\repository\org\netbeans\api\org-netbeans-api-web-webmodule\RELEASE112\org-netbeans-api-web-webmodule-RELEASE112.jar;C:\Users\Sujith\.m2\repository\org\netbeans\api\org-netbeans-libs-javacapi\RELEASE112\org-netbeans-libs-javacapi-RELEASE112.jar;C:\Users\Sujith\.m2\repository\org\netbeans\modules\org-netbeans-modules-j2ee-common\RELEASE112\org-netbeans-modules-j2ee-common-RELEASE112.jar;C:\Users\Sujith\.m2\repository\org\netbeans\api\org-netbeans-api-progress\RELEASE112\org-netbeans-api-progress-RELEASE112.jar;C:\Users\Sujith\.m2\repository\org\netbeans\api\org-netbeans-modules-db\RELEASE112\org-netbeans-modules-db-RELEASE112.jar;C:\Users\Sujith\.m2\repository\org\netbeans\api\org-netbeans-core-ide\RELEASE112\org-netbeans-core-ide-RELEASE112.jar;C:\Users\Sujith\.m2\repository\org\netbeans\modules\org-netbeans-core-ui\RELEASE112\org-netbeans-core-ui-RELEASE112.jar;C:\Users\Sujith\.m2\repository\org\netbeans\modules\org-netbeans-modules-db-metadata-model\RELEASE112\org-netbeans-modules-db-metadata-model-RELEASE112.jar;C:\Users\Sujith\.m2\repository\org\netbeans\api\org-netbeans-modules-javahelp\RELEASE112\org-netbeans-modules-javahelp-RELEASE112.jar;C:\Users\Sujith\.m2\repository\org\netbeans\api\org-netbeans-spi-quicksearch\RELEASE112\org-netbeans-spi-quicksearch-RELEASE112.jar;C:\Users\Sujith\.m2\repository\org\netbeans\external\ddl\RELEASE112\ddl-RELEASE112.jar;C:\Users\Sujith\.m2\repository\org\netbeans\api\org-netbeans-modules-editor\RELEASE112\org-netbeans-modules-editor-RELEASE112.jar;C:\Users\Sujith\.m2\repository\org\netbeans\api\org-netbeans-modules-editor-fold\RELEASE112\org-netbeans-modules-editor-fold-RELEASE112.jar;C:\Users\Sujith\.m2\repository\org\netbeans\api\org-netbeans-modules-editor-settings-lib\RELEASE112\org-netbeans-modules-editor-settings-lib-RELEASE112.jar;C:\Users\Sujith\.m2\repository\org\netbeans\modules\org-netbeans-modules-editor-fold-nbui\RELEASE112\org-netbeans-modules-editor-fold-nbui-RELEASE112.jar;C:\Users\Sujith\.m2\repository\org\netbeans\modules\org-netbeans-modules-editor-settings-storage\RELEASE112\org-netbeans-modules-editor-settings-storage-RELEASE112.jar;C:\Users\Sujith\.m2\repository\org\netbeans\api\org-netbeans-modules-editor-lib2\RELEASE112\org-netbeans-modules-editor-lib2-RELEASE112.jar;C:\Users\Sujith\.m2\repository\org\netbeans\api\org-netbeans-modules-editor-completion\RELEASE112\org-netbeans-modules-editor-completion-RELEASE112.jar;C:\Users\Sujith\.m2\repository\org\netbeans\api\org-netbeans-modules-sampler\RELEASE112\org-netbeans-modules-sampler-RELEASE112.jar;C:\Users\Sujith\.m2\repository\org\netbeans\api\org-netbeans-modules-editor-lib\RELEASE112\org-netbeans-modules-editor-lib-RELEASE112.jar;C:\Users\Sujith\.m2\repository\org\netbeans\modules\org-netbeans-modules-j2ee-api-ejbmodule\RELEASE112\org-netbeans-modules-j2ee-api-ejbmodule-RELEASE112.jar;C:\Users\Sujith\.m2\repository\org\netbeans\modules\org-netbeans-modules-j2ee-core-utilities\RELEASE112\org-netbeans-modules-j2ee-core-utilities-RELEASE112.jar;C:\Users\Sujith\.m2\repository\org\netbeans\api\org-netbeans-modules-editor-codetemplates\RELEASE112\org-netbeans-modules-editor-codetemplates-RELEASE112.jar;C:\Users\Sujith\.m2\repository\org\netbeans\modules\org-netbeans-modules-j2ee-persistence\RELEASE112\org-netbeans-modules-j2ee-persistence-RELEASE112.jar;C:\Users\Sujith\.m2\repository\org\netbeans\api\org-netbeans-core-multiview\RELEASE112\org-netbeans-core-multiview-RELEASE112.jar;C:\Users\Sujith\.m2\repository\org\netbeans\api\org-netbeans-modules-csl-api\RELEASE112\org-netbeans-modules-csl-api-RELEASE112.jar;C:\Users\Sujith\.m2\repository\org\netbeans\modules\org-netbeans-modules-editor-actions\RELEASE112\org-netbeans-modules-editor-actions-RELEASE112.jar;C:\Users\Sujith\.m2\repository\org\netbeans\modules\org-netbeans-modules-editor-breadcrumbs\RELEASE112\org-netbeans-modules-editor-breadcrumbs-RELEASE112.jar;C:\Users\Sujith\.m2\repository\org\netbeans\modules\org-netbeans-modules-editor-errorstripe\RELEASE112\org-netbeans-modules-editor-errorstripe-RELEASE112.jar;C:\Users\Sujith\.m2\repository\org\netbeans\api\org-netbeans-swing-plaf\RELEASE112\org-netbeans-swing-plaf-RELEASE112.jar;C:\Users\Sujith\.m2\repository\org\netbeans\api\org-netbeans-modules-csl-types\RELEASE112\org-netbeans-modules-csl-types-RELEASE112.jar;C:\Users\Sujith\.m2\repository\org\netbeans\modules\org-netbeans-modules-dbapi\RELEASE112\org-netbeans-modules-dbapi-RELEASE112.jar;C:\Users\Sujith\.m2\repository\org\netbeans\modules\org-netbeans-modules-dbschema\RELEASE112\org-netbeans-modules-dbschema-RELEASE112.jar;C:\Users\Sujith\.m2\repository\org\netbeans\api\org-netbeans-modules-j2ee-eclipselink\RELEASE112\org-netbeans-modules-j2ee-eclipselink-RELEASE112.jar;C:\Users\Sujith\.m2\repository\org\eclipse\persistence\org.eclipse.persistence.core\2.5.2-RC1\org.eclipse.persistence.core-2.5.2-RC1.jar;C:\Users\Sujith\.m2\repository\org\eclipse\persistence\org.eclipse.persistence.asm\2.5.2-RC1\org.eclipse.persistence.asm-2.5.2-RC1.jar;C:\Users\Sujith\.m2\repository\org\eclipse\persistence\org.eclipse.persistence.antlr\2.5.2-RC1\org.eclipse.persistence.antlr-2.5.2-RC1.jar;C:\Users\Sujith\.m2\repository\org\eclipse\persistence\org.eclipse.persistence.jpa\2.5.2-RC1\org.eclipse.persistence.jpa-2.5.2-RC1.jar;C:\Users\Sujith\.m2\repository\org\eclipse\persistence\org.eclipse.persistence.jpa.jpql\2.5.2-RC1\org.eclipse.persistence.jpa.jpql-2.5.2-RC1.jar;C:\Users\Sujith\.m2\repository\org\eclipse\persistence\javax.persistence\2.1.0-RC2\javax.persistence-2.1.0-RC2.jar;C:\Users\Sujith\.m2\repository\org\netbeans\modules\org-netbeans-modules-java-editor\RELEASE112\org-netbeans-modules-java-editor-RELEASE112.jar;C:\Users\Sujith\.m2\repository\org\netbeans\api\org-netbeans-modules-editor-bracesmatching\RELEASE112\org-netbeans-modules-editor-bracesmatching-RELEASE112.jar;C:\Users\Sujith\.m2\repository\org\netbeans\modules\org-netbeans-modules-java-completion\RELEASE112\org-netbeans-modules-java-completion-RELEASE112.jar;C:\Users\Sujith\.m2\repository\org\netbeans\modules\org-netbeans-modules-java-editor-base\RELEASE112\org-netbeans-modules-java-editor-base-RELEASE112.jar;C:\Users\Sujith\.m2\repository\org\netbeans\api\org-netbeans-modules-refactoring-java\RELEASE112\org-netbeans-modules-refactoring-java-RELEASE112.jar;C:\Users\Sujith\.m2\repository\org\netbeans\modules\org-netbeans-modules-gototest\RELEASE112\org-netbeans-modules-gototest-RELEASE112.jar;C:\Users\Sujith\.m2\repository\org\netbeans\modules\org-netbeans-modules-gsf-testrunner\RELEASE112\org-netbeans-modules-gsf-testrunner-RELEASE112.jar;C:\Users\Sujith\.m2\repository\org\netbeans\modules\org-netbeans-modules-gsf-testrunner-ui\RELEASE112\org-netbeans-modules-gsf-testrunner-ui-RELEASE112.jar;C:\Users\Sujith\.m2\repository\org\netbeans\modules\org-netbeans-modules-whitelist\RELEASE112\org-netbeans-modules-whitelist-RELEASE112.jar;C:\Users\Sujith\.m2\repository\org\netbeans\api\org-netbeans-modules-libs-corba-omgapi\RELEASE112\org-netbeans-modules-libs-corba-omgapi-RELEASE112.jar;C:\Users\Sujith\.m2\repository\org\glassfish\corba\glassfish-corba-omgapi\4.1.0\glassfish-corba-omgapi-4.1.0.jar;C:\Users\Sujith\.m2\repository\org\netbeans\api\org-netbeans-modules-java-source\RELEASE112\org-netbeans-modules-java-source-RELEASE112.jar;C:\Users\Sujith\.m2\repository\org\netbeans\api\org-netbeans-modules-autoupdate-ui\RELEASE112\org-netbeans-modules-autoupdate-ui-RELEASE112.jar;C:\Users\Sujith\.m2\repository\org\netbeans\api\org-netbeans-modules-editor-indent-project\RELEASE112\org-netbeans-modules-editor-indent-project-RELEASE112.jar;C:\Users\Sujith\.m2\repository\org\netbeans\api\org-netbeans-modules-editor-indent-support\RELEASE112\org-netbeans-modules-editor-indent-support-RELEASE112.jar;C:\Users\Sujith\.m2\repository\org\netbeans\api\org-netbeans-modules-xml-lexer\RELEASE112\org-netbeans-modules-xml-lexer-RELEASE112.jar;C:\Users\Sujith\.m2\repository\org\netbeans\modules\org-netbeans-modules-xml-multiview\RELEASE112\org-netbeans-modules-xml-multiview-RELEASE112.jar;C:\Users\Sujith\.m2\repository\org\netbeans\modules\org-netbeans-modules-xml-text\RELEASE112\org-netbeans-modules-xml-text-RELEASE112.jar;C:\Users\Sujith\.m2\repository\org\netbeans\modules\org-netbeans-modules-editor-structure\RELEASE112\org-netbeans-modules-editor-structure-RELEASE112.jar;C:\Users\Sujith\.m2\repository\org\netbeans\modules\org-netbeans-modules-java-api-common\RELEASE112\org-netbeans-modules-java-api-common-RELEASE112.jar;C:\Users\Sujith\.m2\repository\org\netbeans\api\org-netbeans-libs-antlr3-runtime\RELEASE112\org-netbeans-libs-antlr3-runtime-RELEASE112.jar;C:\Users\Sujith\.m2\repository\org\antlr\antlr-runtime\3.4\antlr-runtime-3.4.jar;C:\Users\Sujith\.m2\repository\org\antlr\stringtemplate\3.2.1\stringtemplate-3.2.1.jar;C:\Users\Sujith\.m2\repository\antlr\antlr\2.7.7\antlr-2.7.7.jar;C:\Users\Sujith\.m2\repository\org\netbeans\api\org-netbeans-modules-autoupdate-services\RELEASE112\org-netbeans-modules-autoupdate-services-RELEASE112.jar;C:\Users\Sujith\.m2\repository\org\netbeans\modules\org-netbeans-core-startup-base\RELEASE112\org-netbeans-core-startup-base-RELEASE112.jar;C:\Users\Sujith\.m2\repository\org\netbeans\external\updater\RELEASE112\updater-RELEASE112.jar;C:\Users\Sujith\.m2\repository\org\netbeans\api\org-netbeans-modules-extexecution\RELEASE112\org-netbeans-modules-extexecution-RELEASE112.jar;C:\Users\Sujith\.m2\repository\org\netbeans\api\org-netbeans-modules-extexecution-base\RELEASE112\org-netbeans-modules-extexecution-base-RELEASE112.jar;C:\Users\Sujith\.m2\repository\org\netbeans\api\org-netbeans-modules-java-platform-ui\RELEASE112\org-netbeans-modules-java-platform-ui-RELEASE112.jar;C:\Users\Sujith\.m2\repository\org\netbeans\api\org-netbeans-modules-java-editor-lib\RELEASE112\org-netbeans-modules-java-editor-lib-RELEASE112.jar;C:\Users\Sujith\.m2\repository\org\netbeans\api\org-netbeans-modules-editor-deprecated-pre65formatting\RELEASE112\org-netbeans-modules-editor-deprecated-pre65formatting-RELEASE112.jar;C:\Users\Sujith\.m2\repository\org\netbeans\api\org-netbeans-modules-java-platform\RELEASE112\org-netbeans-modules-java-platform-RELEASE112.jar;C:\Users\Sujith\.m2\repository\org\netbeans\api\org-netbeans-modules-java-sourceui\RELEASE112\org-netbeans-modules-java-sourceui-RELEASE112.jar;C:\Users\Sujith\.m2\repository\org\netbeans\modules\org-netbeans-modules-jumpto\RELEASE112\org-netbeans-modules-jumpto-RELEASE112.jar;C:\Users\Sujith\.m2\repository\org\netbeans\modules\org-netbeans-modules-javaee-injection\RELEASE112\org-netbeans-modules-javaee-injection-RELEASE112.jar;C:\Users\Sujith\.m2\repository\org\netbeans\api\org-netbeans-modules-project-libraries-ui\RELEASE112\org-netbeans-modules-project-libraries-ui-RELEASE112.jar;C:\Users\Sujith\.m2\repository\org\netbeans\api\org-netbeans-modules-projectuiapi\RELEASE112\org-netbeans-modules-projectuiapi-RELEASE112.jar;C:\Users\Sujith\.m2\repository\org\netbeans\api\org-netbeans-modules-projectuiapi-base\RELEASE112\org-netbeans-modules-projectuiapi-base-RELEASE112.jar;C:\Users\Sujith\.m2\repository\org\netbeans\api\org-netbeans-modules-queries\RELEASE112\org-netbeans-modules-queries-RELEASE112.jar;C:\Users\Sujith\.m2\repository\org\netbeans\modules\org-netbeans-modules-web-browser-api\RELEASE112\org-netbeans-modules-web-browser-api-RELEASE112.jar;C:\Users\Sujith\.m2\repository\org\netbeans\modules\org-netbeans-core\RELEASE112\org-netbeans-core-RELEASE112.jar;C:\Users\Sujith\.m2\repository\org\netbeans\modules\org-netbeans-modules-extbrowser\RELEASE112\org-netbeans-modules-extbrowser-RELEASE112.jar;C:\Users\Sujith\.m2\repository\org\netbeans\modules\org-netbeans-modules-web-common\RELEASE112\org-netbeans-modules-web-common-RELEASE112.jar;C:\Users\Sujith\.m2\repository\org\netbeans\api\org-netbeans-libs-json_simple\RELEASE112\org-netbeans-libs-json_simple-RELEASE112.jar;C:\Users\Sujith\.m2\repository\com\googlecode\json-simple\json-simple\1.1.1\json-simple-1.1.1.jar;C:\Users\Sujith\.m2\repository\org\netbeans\api\org-netbeans-modules-websvc-jaxws21api\RELEASE112\org-netbeans-modules-websvc-jaxws21api-RELEASE112.jar;C:\Users\Sujith\.m2\repository\org\netbeans\api\org-netbeans-modules-xml-jaxb-api\RELEASE112\org-netbeans-modules-xml-jaxb-api-RELEASE112.jar;C:\Users\Sujith\.m2\repository\javax\activation\activation\1.1.1\activation-1.1.1.jar;C:\Users\Sujith\.m2\repository\javax\xml\bind\jaxb-api\2.2.6\jaxb-api-2.2.6.jar;C:\Users\Sujith\.m2\repository\javax\xml\ws\jaxws-api\2.2.8\jaxws-api-2.2.8.jar;C:\Users\Sujith\.m2\repository\javax\jws\jsr181-api\1.0-MR1\jsr181-api-1.0-MR1.jar;C:\Users\Sujith\.m2\repository\org\glassfish\javax.annotation\3.1.1-b06\javax.annotation-3.1.1-b06.jar;C:\Users\Sujith\.m2\repository\javax\xml\soap\saaj-api\1.3.4\saaj-api-1.3.4.jar;C:\Users\Sujith\.m2\repository\org\netbeans\api\org-netbeans-spi-editor-hints\RELEASE112\org-netbeans-spi-editor-hints-RELEASE112.jar;C:\Users\Sujith\.m2\repository\org\netbeans\api\org-netbeans-spi-java-hints\RELEASE112\org-netbeans-spi-java-hints-RELEASE112.jar;C:\Users\Sujith\.m2\repository\org\netbeans\modules\org-netbeans-modules-code-analysis\RELEASE112\org-netbeans-modules-code-analysis-RELEASE112.jar;C:\Users\Sujith\.m2\repository\org\netbeans\api\org-netbeans-modules-editor-errorstripe-api\RELEASE112\org-netbeans-modules-editor-errorstripe-api-RELEASE112.jar;C:\Users\Sujith\.m2\repository\org\netbeans\api\org-netbeans-modules-options-api\RELEASE112\org-netbeans-modules-options-api-RELEASE112.jar;C:\Users\Sujith\.m2\repository\org\netbeans\modules\org-netbeans-modules-options-editor\RELEASE112\org-netbeans-modules-options-editor-RELEASE112.jar;C:\Users\Sujith\.m2\repository\org\netbeans\modules\org-netbeans-modules-options-keymap\RELEASE112\org-netbeans-modules-options-keymap-RELEASE112.jar;C:\Users\Sujith\.m2\repository\org\netbeans\api\org-openide-actions\RELEASE112\org-openide-actions-RELEASE112.jar;C:\Users\Sujith\.m2\repository\org\netbeans\api\org-openide-explorer\RELEASE112\org-openide-explorer-RELEASE112.jar;C:\Users\Sujith\.m2\repository\org\netbeans\api\org-netbeans-swing-outline\RELEASE112\org-netbeans-swing-outline-RELEASE112.jar;C:\Users\Sujith\.m2\repository\org\netbeans\api\org-netbeans-swing-tabcontrol\RELEASE112\org-netbeans-swing-tabcontrol-RELEASE112.jar;C:\Users\Sujith\.m2\repository\org\netbeans\api\org-openide-text\RELEASE112\org-openide-text-RELEASE112.jar;C:\Users\Sujith\.m2\repository\org\netbeans\api\org-openide-windows\RELEASE112\org-openide-windows-RELEASE112.jar;C:\Users\Sujith\.m2\repository\org\netbeans\api\org-netbeans-modules-j2ee-core\RELEASE112\org-netbeans-modules-j2ee-core-RELEASE112.jar;C:\Users\Sujith\.m2\repository\org\netbeans\api\org-netbeans-modules-j2ee-dd\RELEASE112\org-netbeans-modules-j2ee-dd-RELEASE112.jar;C:\Users\Sujith\.m2\repository\org\netbeans\api\org-netbeans-modules-java-project-ui\RELEASE112\org-netbeans-modules-java-project-ui-RELEASE112.jar;C:\Users\Sujith\.m2\repository\org\netbeans\api\org-netbeans-api-search\RELEASE112\org-netbeans-api-search-RELEASE112.jar;C:\Users\Sujith\.m2\repository\org\netbeans\api\org-netbeans-modules-schema2beans\RELEASE112\org-netbeans-modules-schema2beans-RELEASE112.jar;C:\Users\Sujith\.m2\repository\org\netbeans\api\org-netbeans-modules-xml-core\RELEASE112\org-netbeans-modules-xml-core-RELEASE112.jar;C:\Users\Sujith\.m2\repository\javaee\javaee-api\5\javaee-api-5.jar;C:\Users\Sujith\.m2\repository\org\netbeans\api\org-netbeans-modules-j2ee-metadata\RELEASE112\org-netbeans-modules-j2ee-metadata-RELEASE112.jar;C:\Users\Sujith\.m2\repository\org\netbeans\modules\org-netbeans-modules-j2ee-metadata-model-support\RELEASE112\org-netbeans-modules-j2ee-metadata-model-support-RELEASE112.jar;C:\Users\Sujith\.m2\repository\org\netbeans\modules\org-netbeans-modules-j2ee-persistenceapi\RELEASE112\org-netbeans-modules-j2ee-persistenceapi-RELEASE112.jar;C:\Users\Sujith\.m2\repository\org\netbeans\api\org-netbeans-modules-j2eeserver\RELEASE112\org-netbeans-modules-j2eeserver-RELEASE112.jar;C:\Users\Sujith\.m2\repository\org\netbeans\api\org-apache-tools-ant-module\RELEASE112\org-apache-tools-ant-module-RELEASE112.jar;C:\Users\Sujith\.m2\repository\org\netbeans\modules\org-netbeans-modules-options-java\RELEASE112\org-netbeans-modules-options-java-RELEASE112.jar;C:\Users\Sujith\.m2\repository\org\netbeans\modules\org-netbeans-modules-project-indexingbridge\RELEASE112\org-netbeans-modules-project-indexingbridge-RELEASE112.jar;C:\Users\Sujith\.m2\repository\org\netbeans\api\org-netbeans-spi-navigator\RELEASE112\org-netbeans-spi-navigator-RELEASE112.jar;C:\Users\Sujith\.m2\repository\org\netbeans\api\org-netbeans-api-debugger\RELEASE112\org-netbeans-api-debugger-RELEASE112.jar;C:\Users\Sujith\.m2\repository\org\netbeans\api\org-netbeans-api-debugger-jpda\RELEASE112\org-netbeans-api-debugger-jpda-RELEASE112.jar;C:\Users\Sujith\.m2\repository\org\netbeans\api\org-netbeans-api-progress-nb\RELEASE112\org-netbeans-api-progress-nb-RELEASE112.jar;C:\Users\Sujith\.m2\repository\org\netbeans\api\org-netbeans-api-xml\RELEASE112\org-netbeans-api-xml-RELEASE112.jar;C:\Users\Sujith\.m2\repository\org\netbeans\api\org-netbeans-api-xml-ui\RELEASE112\org-netbeans-api-xml-ui-RELEASE112.jar;C:\Users\Sujith\.m2\repository\org\netbeans\api\org-netbeans-modules-j2eeapis\RELEASE112\org-netbeans-modules-j2eeapis-RELEASE112.jar;C:\Users\Sujith\.m2\repository\javax\enterprise\deploy\deployment-api\1.2-rev-1\deployment-api-1.2-rev-1.jar;C:\Users\Sujith\.m2\repository\org\netbeans\api\org-netbeans-modules-keyring\RELEASE112\org-netbeans-modules-keyring-RELEASE112.jar;C:\Users\Sujith\.m2\repository\org\netbeans\api\org-netbeans-modules-project-ant-ui\RELEASE112\org-netbeans-modules-project-ant-ui-RELEASE112.jar;C:\Users\Sujith\.m2\repository\org\netbeans\api\org-netbeans-modules-server\RELEASE112\org-netbeans-modules-server-RELEASE112.jar;C:\Users\Sujith\.m2\repository\org\netbeans\api\org-netbeans-modules-settings\RELEASE112\org-netbeans-modules-settings-RELEASE112.jar;C:\Users\Sujith\.m2\repository\org\netbeans\modules\org-netbeans-bootstrap\RELEASE112\org-netbeans-bootstrap-RELEASE112.jar;C:\Users\Sujith\.m2\repository\org\netbeans\modules\org-netbeans-core-startup\RELEASE112\org-netbeans-core-startup-RELEASE112.jar;C:\Users\Sujith\.m2\repository\org\netbeans\api\org-openide-io\RELEASE112\org-openide-io-RELEASE112.jar;C:\Users\Sujith\.m2\repository\org\netbeans\api\org-netbeans-api-intent\RELEASE112\org-netbeans-api-intent-RELEASE112.jar;C:\Users\Sujith\.m2\repository\org\netbeans\api\org-netbeans-api-io\RELEASE112\org-netbeans-api-io-RELEASE112.jar;C:\Users\Sujith\.m2\repository\org\netbeans\api\org-netbeans-modules-java-project\RELEASE112\org-netbeans-modules-java-project-RELEASE112.jar;C:\Users\Sujith\.m2\repository\org\netbeans\api\org-netbeans-modules-classfile\RELEASE112\org-netbeans-modules-classfile-RELEASE112.jar;C:\Users\Sujith\.m2\repository\org\netbeans\api\org-netbeans-modules-java-source-base\RELEASE112\org-netbeans-modules-java-source-base-RELEASE112.jar;C:\Users\Sujith\.m2\repository\org\netbeans\api\org-netbeans-api-scripting\RELEASE112\org-netbeans-api-scripting-RELEASE112.jar;C:\Users\Sujith\.m2\repository\org\netbeans\modules\org-netbeans-lib-nbjavac\RELEASE112\org-netbeans-lib-nbjavac-RELEASE112.jar;C:\Users\Sujith\.m2\repository\org\netbeans\api\org-netbeans-libs-asm\RELEASE112\org-netbeans-libs-asm-RELEASE112.jar;C:\Users\Sujith\.m2\repository\org\ow2\asm\asm-all\5.0.1\asm-all-5.0.1.jar;C:\Users\Sujith\.m2\repository\org\netbeans\modules\org-netbeans-libs-javacimpl\RELEASE112\org-netbeans-libs-javacimpl-RELEASE112.jar;C:\Users\Sujith\.m2\repository\org\netbeans\api\org-netbeans-libs-lucene\RELEASE112\org-netbeans-libs-lucene-RELEASE112.jar;C:\Users\Sujith\.m2\repository\org\apache\lucene\lucene-core\3.5.0\lucene-core-3.5.0.jar;C:\Users\Sujith\.m2\repository\org\netbeans\api\org-netbeans-modules-editor-document\RELEASE112\org-netbeans-modules-editor-document-RELEASE112.jar;C:\Users\Sujith\.m2\repository\org\netbeans\api\org-netbeans-modules-editor-guards\RELEASE112\org-netbeans-modules-editor-guards-RELEASE112.jar;C:\Users\Sujith\.m2\repository\org\netbeans\api\org-netbeans-modules-editor-indent\RELEASE112\org-netbeans-modules-editor-indent-RELEASE112.jar;C:\Users\Sujith\.m2\repository\org\netbeans\api\org-netbeans-modules-editor-mimelookup\RELEASE112\org-netbeans-modules-editor-mimelookup-RELEASE112.jar;C:\Users\Sujith\.m2\repository\org\netbeans\api\org-netbeans-modules-editor-settings\RELEASE112\org-netbeans-modules-editor-settings-RELEASE112.jar;C:\Users\Sujith\.m2\repository\org\netbeans\api\org-netbeans-modules-editor-util\RELEASE112\org-netbeans-modules-editor-util-RELEASE112.jar;C:\Users\Sujith\.m2\repository\org\netbeans\api\org-netbeans-modules-java-lexer\RELEASE112\org-netbeans-modules-java-lexer-RELEASE112.jar;C:\Users\Sujith\.m2\repository\org\netbeans\modules\org-netbeans-modules-java-preprocessorbridge\RELEASE112\org-netbeans-modules-java-preprocessorbridge-RELEASE112.jar;C:\Users\Sujith\.m2\repository\org\netbeans\api\org-netbeans-modules-lexer\RELEASE112\org-netbeans-modules-lexer-RELEASE112.jar;C:\Users\Sujith\.m2\repository\org\netbeans\api\org-netbeans-modules-parsing-api\RELEASE112\org-netbeans-modules-parsing-api-RELEASE112.jar;C:\Users\Sujith\.m2\repository\org\netbeans\api\org-netbeans-modules-parsing-indexing\RELEASE112\org-netbeans-modules-parsing-indexing-RELEASE112.jar;C:\Users\Sujith\.m2\repository\org\netbeans\api\org-netbeans-spi-tasklist\RELEASE112\org-netbeans-spi-tasklist-RELEASE112.jar;C:\Users\Sujith\.m2\repository\org\netbeans\modules\org-netbeans-modules-parsing-lucene\RELEASE112\org-netbeans-modules-parsing-lucene-RELEASE112.jar;C:\Users\Sujith\.m2\repository\org\netbeans\modules\org-netbeans-modules-masterfs\RELEASE112\org-netbeans-modules-masterfs-RELEASE112.jar;C:\Users\Sujith\.m2\repository\org\netbeans\api\org-netbeans-modules-refactoring-api\RELEASE112\org-netbeans-modules-refactoring-api-RELEASE112.jar;C:\Users\Sujith\.m2\repository\org\netbeans\api\org-netbeans-modules-diff\RELEASE112\org-netbeans-modules-diff-RELEASE112.jar;C:\Users\Sujith\.m2\repository\org\netbeans\modules\org-netbeans-modules-javaee-specs-support\RELEASE112\org-netbeans-modules-javaee-specs-support-RELEASE112.jar;C:\Users\Sujith\.m2\repository\org\netbeans\api\org-netbeans-modules-project-ant\RELEASE112\org-netbeans-modules-project-ant-RELEASE112.jar;C:\Users\Sujith\.m2\repository\org\netbeans\modules\org-netbeans-modules-project-spi-intern\RELEASE112\org-netbeans-modules-project-spi-intern-RELEASE112.jar;C:\Users\Sujith\.m2\repository\org\netbeans\api\org-netbeans-modules-xml-catalog\RELEASE112\org-netbeans-modules-xml-catalog-RELEASE112.jar;C:\Users\Sujith\.m2\repository\org\netbeans\api\org-apache-xml-resolver\RELEASE112\org-apache-xml-resolver-RELEASE112.jar;C:\Users\Sujith\.m2\repository\org\netbeans\external\resolver-1.2\RELEASE112\resolver-1.2-RELEASE112.jar;C:\Users\Sujith\.m2\repository\org\netbeans\api\org-netbeans-modules-project-libraries\RELEASE112\org-netbeans-modules-project-libraries-RELEASE112.jar;C:\Users\Sujith\.m2\repository\org\netbeans\api\org-netbeans-modules-projectapi\RELEASE112\org-netbeans-modules-projectapi-RELEASE112.jar;C:\Users\Sujith\.m2\repository\org\netbeans\modules\org-netbeans-modules-websvc-jaxwsapi\RELEASE112\org-netbeans-modules-websvc-jaxwsapi-RELEASE112.jar;C:\Users\Sujith\.m2\repository\org\netbeans\api\org-netbeans-modules-j2ee-dd-webservice\RELEASE112\org-netbeans-modules-j2ee-dd-webservice-RELEASE112.jar;C:\Users\Sujith\.m2\repository\org\netbeans\modules\org-netbeans-modules-websvc-jaxwsmodel\RELEASE112\org-netbeans-modules-websvc-jaxwsmodel-RELEASE112.jar;C:\Users\Sujith\.m2\repository\org\netbeans\modules\org-netbeans-libs-jaxb\RELEASE112\org-netbeans-libs-jaxb-RELEASE112.jar;C:\Users\Sujith\.m2\repository\com\sun\xml\bind\jaxb-impl\2.2.5-2\jaxb-impl-2.2.5-2.jar;C:\Users\Sujith\.m2\repository\com\sun\xml\bind\jaxb1-impl\2.2.5-2\jaxb1-impl-2.2.5-2.jar;C:\Users\Sujith\.m2\repository\com\sun\xml\bind\jaxb-xjc\2.2.5-2\jaxb-xjc-2.2.5-2.jar;C:\Users\Sujith\.m2\repository\org\netbeans\modules\org-netbeans-modules-websvc-jaxws21\RELEASE112\org-netbeans-modules-websvc-jaxws21-RELEASE112.jar;C:\Users\Sujith\.m2\repository\com\sun\xml\fastinfoset\FastInfoset\1.2.12\FastInfoset-1.2.12.jar;C:\Users\Sujith\.m2\repository\javax\xml\bind\jsr173_api\1.0\jsr173_api-1.0.jar;C:\Users\Sujith\.m2\repository\org\glassfish\gmbal\gmbal-api-only\3.1.0-b001\gmbal-api-only-3.1.0-b001.jar;C:\Users\Sujith\.m2\repository\org\glassfish\ha\ha-api\3.1.8\ha-api-3.1.8.jar;C:\Users\Sujith\.m2\repository\javax\mail\mail\1.4\mail-1.4.jar;C:\Users\Sujith\.m2\repository\com\sun\xml\ws\jaxws-rt\2.2.6-1\jaxws-rt-2.2.6-1.jar;C:\Users\Sujith\.m2\repository\org\codehaus\woodstox\woodstox-core-asl\4.1.2\woodstox-core-asl-4.1.2.jar;C:\Users\Sujith\.m2\repository\com\sun\xml\ws\jaxws-tools\2.2.6-1\jaxws-tools-2.2.6-1.jar;C:\Users\Sujith\.m2\repository\org\glassfish\external\management-api\3.0.0-b012\management-api-3.0.0-b012.jar;C:\Users\Sujith\.m2\repository\org\jvnet\mimepull\mimepull\1.8\mimepull-1.8.jar;C:\Users\Sujith\.m2\repository\com\sun\xml\ws\policy\2.3.1\policy-2.3.1.jar;C:\Users\Sujith\.m2\repository\javax\xml\stream\stax-api\1.0-2\stax-api-1.0-2.jar;C:\Users\Sujith\.m2\repository\com\sun\xml\txw2\txw2\20110809\txw2-20110809.jar;C:\Users\Sujith\.m2\repository\relaxngDatatype\relaxngDatatype\20020414\relaxngDatatype-20020414.jar;C:\Users\Sujith\.m2\repository\com\sun\istack\istack-commons-runtime\2.4\istack-commons-runtime-2.4.jar;C:\Users\Sujith\.m2\repository\com\sun\xml\messaging\saaj\saaj-impl\1.3.18\saaj-impl-1.3.18.jar;C:\Users\Sujith\.m2\repository\org\jvnet\staxex\stax-ex\1.7\stax-ex-1.7.jar;C:\Users\Sujith\.m2\repository\org\codehaus\woodstox\stax2-api\3.1.1\stax2-api-3.1.1.jar;C:\Users\Sujith\.m2\repository\com\sun\xml\stream\buffer\streambuffer\1.4\streambuffer-1.4.jar;C:\Users\Sujith\.m2\repository\org\netbeans\modules\org-netbeans-modules-websvc-jaxwsmodelapi\RELEASE112\org-netbeans-modules-websvc-jaxwsmodelapi-RELEASE112.jar;C:\Users\Sujith\.m2\repository\org\netbeans\api\org-netbeans-modules-xml-catalog-ui\RELEASE112\org-netbeans-modules-xml-catalog-ui-RELEASE112.jar;C:\Users\Sujith\.m2\repository\org\netbeans\api\org-netbeans-modules-xml-retriever\RELEASE112\org-netbeans-modules-xml-retriever-RELEASE112.jar;C:\Users\Sujith\.m2\repository\org\netbeans\api\org-netbeans-modules-xml-wsdl-model\RELEASE112\org-netbeans-modules-xml-wsdl-model-RELEASE112.jar;C:\Users\Sujith\.m2\repository\org\netbeans\api\org-netbeans-modules-xml-schema-model\RELEASE112\org-netbeans-modules-xml-schema-model-RELEASE112.jar;C:\Users\Sujith\.m2\repository\org\netbeans\external\generated-wsdl-xsd-2004.08.24\RELEASE112\generated-wsdl-xsd-2004.08.24-RELEASE112.jar;C:\Users\Sujith\.m2\repository\org\netbeans\api\org-netbeans-modules-xml-xam\RELEASE112\org-netbeans-modules-xml-xam-RELEASE112.jar;C:\Users\Sujith\.m2\repository\org\netbeans\api\org-openide-execution\RELEASE112\org-openide-execution-RELEASE112.jar;C:\Users\Sujith\.m2\repository\org\netbeans\api\org-netbeans-modules-websvc-wsstackapi\RELEASE112\org-netbeans-modules-websvc-wsstackapi-RELEASE112.jar;C:\Users\Sujith\.m2\repository\org\netbeans\api\org-openide-awt\RELEASE112\org-openide-awt-RELEASE112.jar;C:\Users\Sujith\.m2\repository\org\netbeans\api\org-openide-dialogs\RELEASE112\org-openide-dialogs-RELEASE112.jar;C:\Users\Sujith\.m2\repository\org\netbeans\api\org-openide-filesystems\RELEASE112\org-openide-filesystems-RELEASE112.jar;C:\Users\Sujith\.m2\repository\org\netbeans\api\org-openide-loaders\RELEASE112\org-openide-loaders-RELEASE112.jar;C:\Users\Sujith\.m2\repository\org\netbeans\api\org-netbeans-api-templates\RELEASE112\org-netbeans-api-templates-RELEASE112.jar;C:\Users\Sujith\.m2\repository\org\netbeans\api\org-openide-filesystems-nb\RELEASE112\org-openide-filesystems-nb-RELEASE112.jar;C:\Users\Sujith\.m2\repository\org\netbeans\api\org-openide-modules\RELEASE112\org-openide-modules-RELEASE112.jar;C:\Users\Sujith\.m2\repository\org\netbeans\api\org-openide-nodes\RELEASE112\org-openide-nodes-RELEASE112.jar;C:\Users\Sujith\.m2\repository\org\netbeans\api\org-openide-util-ui\RELEASE112\org-openide-util-ui-RELEASE112.jar;C:\Users\Sujith\.m2\repository\org\netbeans\api\org-openide-util\RELEASE112\org-openide-util-RELEASE112.jar;C:\Users\Sujith\.m2\repository\org\netbeans\api\org-openide-util-lookup\RELEASE112\org-openide-util-lookup-RELEASE112.jar;C:\Users\Sujith\.m2\repository\io\appium\java-client\7.3.0\java-client-7.3.0.jar;C:\Users\Sujith\.m2\repository\com\google\code\gson\gson\2.8.5\gson-2.8.5.jar;C:\Users\Sujith\.m2\repository\org\apache\httpcomponents\httpclient\4.5.9\httpclient-4.5.9.jar;C:\Users\Sujith\.m2\repository\org\apache\httpcomponents\httpcore\4.4.11\httpcore-4.4.11.jar;C:\Users\Sujith\.m2\repository\commons-logging\commons-logging\1.2\commons-logging-1.2.jar;C:\Users\Sujith\.m2\repository\commons-codec\commons-codec\1.11\commons-codec-1.11.jar;C:\Users\Sujith\.m2\repository\cglib\cglib\3.2.12\cglib-3.2.12.jar;C:\Users\Sujith\.m2\repository\org\ow2\asm\asm\7.1\asm-7.1.jar;C:\Users\Sujith\.m2\repository\commons-validator\commons-validator\1.6\commons-validator-1.6.jar;C:\Users\Sujith\.m2\repository\commons-beanutils\commons-beanutils\1.9.2\commons-beanutils-1.9.2.jar;C:\Users\Sujith\.m2\repository\commons-digester\commons-digester\1.8.1\commons-digester-1.8.1.jar;C:\Users\Sujith\.m2\repository\commons-collections\commons-collections\3.2.2\commons-collections-3.2.2.jar;C:\Users\Sujith\.m2\repository\org\apache\commons\commons-lang3\3.9\commons-lang3-3.9.jar;C:\Users\Sujith\.m2\repository\commons-io\commons-io\2.6\commons-io-2.6.jar;C:\Users\Sujith\.m2\repository\org\springframework\spring-context\5.1.8.RELEASE\spring-context-5.1.8.RELEASE.jar;C:\Users\Sujith\.m2\repository\org\springframework\spring-aop\5.1.8.RELEASE\spring-aop-5.1.8.RELEASE.jar;C:\Users\Sujith\.m2\repository\org\springframework\spring-beans\5.1.8.RELEASE\spring-beans-5.1.8.RELEASE.jar;C:\Users\Sujith\.m2\repository\org\springframework\spring-core\5.1.8.RELEASE\spring-core-5.1.8.RELEASE.jar;C:\Users\Sujith\.m2\repository\org\springframework\spring-jcl\5.1.8.RELEASE\spring-jcl-5.1.8.RELEASE.jar;C:\Users\Sujith\.m2\repository\org\springframework\spring-expression\5.1.8.RELEASE\spring-expression-5.1.8.RELEASE.jar;C:\Users\Sujith\.m2\repository\org\aspectj\aspectjweaver\1.9.4\aspectjweaver-1.9.4.jar;C:\Users\Sujith\.m2\repository\org\slf4j\slf4j-api\1.7.26\slf4j-api-1.7.26.jar;C:\Users\Sujith\.m2\repository\junit\junit\3.8.1\junit-3.8.1.jar;"/>
    <property name="java.vm.vendor" value="Oracle Corporation"/>
    <property name="sun.arch.data.model" value="64"/>
    <property name="user.variant" value=""/>
    <property name="java.vendor.url" value="http://java.oracle.com/"/>
    <property name="user.timezone" value="Asia/Calcutta"/>
    <property name="java.vm.specification.version" value="11"/>
    <property name="os.name" value="Windows 7"/>
    <property name="sun.java.launcher" value="SUN_STANDARD"/>
    <property name="user.country" value="US"/>
    <property name="sun.boot.library.path" value="C:\Program Files\Java\jdk-11.0.1\bin"/>
    <property name="sun.java.command" value="C:\Users\Sujith\AppData\Local\Temp\surefire8805627670110861888\surefirebooter11813565075485777056.jar C:\Users\Sujith\AppData\Local\Temp\surefire8805627670110861888 2019-12-12T16-30-20_129-jvmRun1 surefire15390780037953313059tmp surefire_016381960923053565543tmp"/>
    <property name="jdk.debug" value="release"/>
    <property name="surefire.test.class.path" value="C:\Users\Sujith\MavenJava\target\test-classes;C:\Users\Sujith\MavenJava\target\classes;C:\Users\Sujith\.m2\repository\org\seleniumhq\selenium\selenium-java\3.141.59\selenium-java-3.141.59.jar;C:\Users\Sujith\.m2\repository\org\seleniumhq\selenium\selenium-api\3.141.59\selenium-api-3.141.59.jar;C:\Users\Sujith\.m2\repository\org\seleniumhq\selenium\selenium-chrome-driver\3.141.59\selenium-chrome-driver-3.141.59.jar;C:\Users\Sujith\.m2\repository\org\seleniumhq\selenium\selenium-edge-driver\3.141.59\selenium-edge-driver-3.141.59.jar;C:\Users\Sujith\.m2\repository\org\seleniumhq\selenium\selenium-firefox-driver\3.141.59\selenium-firefox-driver-3.141.59.jar;C:\Users\Sujith\.m2\repository\org\seleniumhq\selenium\selenium-ie-driver\3.141.59\selenium-ie-driver-3.141.59.jar;C:\Users\Sujith\.m2\repository\org\seleniumhq\selenium\selenium-opera-driver\3.141.59\selenium-opera-driver-3.141.59.jar;C:\Users\Sujith\.m2\repository\org\seleniumhq\selenium\selenium-remote-driver\3.141.59\selenium-remote-driver-3.141.59.jar;C:\Users\Sujith\.m2\repository\org\seleniumhq\selenium\selenium-safari-driver\3.141.59\selenium-safari-driver-3.141.59.jar;C:\Users\Sujith\.m2\repository\org\seleniumhq\selenium\selenium-support\3.141.59\selenium-support-3.141.59.jar;C:\Users\Sujith\.m2\repository\net\bytebuddy\byte-buddy\1.8.15\byte-buddy-1.8.15.jar;C:\Users\Sujith\.m2\repository\org\apache\commons\commons-exec\1.3\commons-exec-1.3.jar;C:\Users\Sujith\.m2\repository\com\google\guava\guava\25.0-jre\guava-25.0-jre.jar;C:\Users\Sujith\.m2\repository\com\google\code\findbugs\jsr305\1.3.9\jsr305-1.3.9.jar;C:\Users\Sujith\.m2\repository\org\checkerframework\checker-compat-qual\2.0.0\checker-compat-qual-2.0.0.jar;C:\Users\Sujith\.m2\repository\com\google\errorprone\error_prone_annotations\2.1.3\error_prone_annotations-2.1.3.jar;C:\Users\Sujith\.m2\repository\com\google\j2objc\j2objc-annotations\1.1\j2objc-annotations-1.1.jar;C:\Users\Sujith\.m2\repository\org\codehaus\mojo\animal-sniffer-annotations\1.14\animal-sniffer-annotations-1.14.jar;C:\Users\Sujith\.m2\repository\com\squareup\okhttp3\okhttp\3.11.0\okhttp-3.11.0.jar;C:\Users\Sujith\.m2\repository\com\squareup\okio\okio\1.14.0\okio-1.14.0.jar;C:\Users\Sujith\.m2\repository\org\netbeans\modules\org-netbeans-modules-websvc-restapi\RELEASE112\org-netbeans-modules-websvc-restapi-RELEASE112.jar;C:\Users\Sujith\.m2\repository\org\netbeans\api\org-netbeans-api-java\RELEASE112\org-netbeans-api-java-RELEASE112.jar;C:\Users\Sujith\.m2\repository\org\netbeans\api\org-netbeans-api-annotations-common\RELEASE112\org-netbeans-api-annotations-common-RELEASE112.jar;C:\Users\Sujith\.m2\repository\org\netbeans\api\org-netbeans-api-java-classpath\RELEASE112\org-netbeans-api-java-classpath-RELEASE112.jar;C:\Users\Sujith\.m2\repository\org\netbeans\api\org-netbeans-api-web-webmodule\RELEASE112\org-netbeans-api-web-webmodule-RELEASE112.jar;C:\Users\Sujith\.m2\repository\org\netbeans\api\org-netbeans-libs-javacapi\RELEASE112\org-netbeans-libs-javacapi-RELEASE112.jar;C:\Users\Sujith\.m2\repository\org\netbeans\modules\org-netbeans-modules-j2ee-common\RELEASE112\org-netbeans-modules-j2ee-common-RELEASE112.jar;C:\Users\Sujith\.m2\repository\org\netbeans\api\org-netbeans-api-progress\RELEASE112\org-netbeans-api-progress-RELEASE112.jar;C:\Users\Sujith\.m2\repository\org\netbeans\api\org-netbeans-modules-db\RELEASE112\org-netbeans-modules-db-RELEASE112.jar;C:\Users\Sujith\.m2\repository\org\netbeans\api\org-netbeans-core-ide\RELEASE112\org-netbeans-core-ide-RELEASE112.jar;C:\Users\Sujith\.m2\repository\org\netbeans\modules\org-netbeans-core-ui\RELEASE112\org-netbeans-core-ui-RELEASE112.jar;C:\Users\Sujith\.m2\repository\org\netbeans\modules\org-netbeans-modules-db-metadata-model\RELEASE112\org-netbeans-modules-db-metadata-model-RELEASE112.jar;C:\Users\Sujith\.m2\repository\org\netbeans\api\org-netbeans-modules-javahelp\RELEASE112\org-netbeans-modules-javahelp-RELEASE112.jar;C:\Users\Sujith\.m2\repository\org\netbeans\api\org-netbeans-spi-quicksearch\RELEASE112\org-netbeans-spi-quicksearch-RELEASE112.jar;C:\Users\Sujith\.m2\repository\org\netbeans\external\ddl\RELEASE112\ddl-RELEASE112.jar;C:\Users\Sujith\.m2\repository\org\netbeans\api\org-netbeans-modules-editor\RELEASE112\org-netbeans-modules-editor-RELEASE112.jar;C:\Users\Sujith\.m2\repository\org\netbeans\api\org-netbeans-modules-editor-fold\RELEASE112\org-netbeans-modules-editor-fold-RELEASE112.jar;C:\Users\Sujith\.m2\repository\org\netbeans\api\org-netbeans-modules-editor-settings-lib\RELEASE112\org-netbeans-modules-editor-settings-lib-RELEASE112.jar;C:\Users\Sujith\.m2\repository\org\netbeans\modules\org-netbeans-modules-editor-fold-nbui\RELEASE112\org-netbeans-modules-editor-fold-nbui-RELEASE112.jar;C:\Users\Sujith\.m2\repository\org\netbeans\modules\org-netbeans-modules-editor-settings-storage\RELEASE112\org-netbeans-modules-editor-settings-storage-RELEASE112.jar;C:\Users\Sujith\.m2\repository\org\netbeans\api\org-netbeans-modules-editor-lib2\RELEASE112\org-netbeans-modules-editor-lib2-RELEASE112.jar;C:\Users\Sujith\.m2\repository\org\netbeans\api\org-netbeans-modules-editor-completion\RELEASE112\org-netbeans-modules-editor-completion-RELEASE112.jar;C:\Users\Sujith\.m2\repository\org\netbeans\api\org-netbeans-modules-sampler\RELEASE112\org-netbeans-modules-sampler-RELEASE112.jar;C:\Users\Sujith\.m2\repository\org\netbeans\api\org-netbeans-modules-editor-lib\RELEASE112\org-netbeans-modules-editor-lib-RELEASE112.jar;C:\Users\Sujith\.m2\repository\org\netbeans\modules\org-netbeans-modules-j2ee-api-ejbmodule\RELEASE112\org-netbeans-modules-j2ee-api-ejbmodule-RELEASE112.jar;C:\Users\Sujith\.m2\repository\org\netbeans\modules\org-netbeans-modules-j2ee-core-utilities\RELEASE112\org-netbeans-modules-j2ee-core-utilities-RELEASE112.jar;C:\Users\Sujith\.m2\repository\org\netbeans\api\org-netbeans-modules-editor-codetemplates\RELEASE112\org-netbeans-modules-editor-codetemplates-RELEASE112.jar;C:\Users\Sujith\.m2\repository\org\netbeans\modules\org-netbeans-modules-j2ee-persistence\RELEASE112\org-netbeans-modules-j2ee-persistence-RELEASE112.jar;C:\Users\Sujith\.m2\repository\org\netbeans\api\org-netbeans-core-multiview\RELEASE112\org-netbeans-core-multiview-RELEASE112.jar;C:\Users\Sujith\.m2\repository\org\netbeans\api\org-netbeans-modules-csl-api\RELEASE112\org-netbeans-modules-csl-api-RELEASE112.jar;C:\Users\Sujith\.m2\repository\org\netbeans\modules\org-netbeans-modules-editor-actions\RELEASE112\org-netbeans-modules-editor-actions-RELEASE112.jar;C:\Users\Sujith\.m2\repository\org\netbeans\modules\org-netbeans-modules-editor-breadcrumbs\RELEASE112\org-netbeans-modules-editor-breadcrumbs-RELEASE112.jar;C:\Users\Sujith\.m2\repository\org\netbeans\modules\org-netbeans-modules-editor-errorstripe\RELEASE112\org-netbeans-modules-editor-errorstripe-RELEASE112.jar;C:\Users\Sujith\.m2\repository\org\netbeans\api\org-netbeans-swing-plaf\RELEASE112\org-netbeans-swing-plaf-RELEASE112.jar;C:\Users\Sujith\.m2\repository\org\netbeans\api\org-netbeans-modules-csl-types\RELEASE112\org-netbeans-modules-csl-types-RELEASE112.jar;C:\Users\Sujith\.m2\repository\org\netbeans\modules\org-netbeans-modules-dbapi\RELEASE112\org-netbeans-modules-dbapi-RELEASE112.jar;C:\Users\Sujith\.m2\repository\org\netbeans\modules\org-netbeans-modules-dbschema\RELEASE112\org-netbeans-modules-dbschema-RELEASE112.jar;C:\Users\Sujith\.m2\repository\org\netbeans\api\org-netbeans-modules-j2ee-eclipselink\RELEASE112\org-netbeans-modules-j2ee-eclipselink-RELEASE112.jar;C:\Users\Sujith\.m2\repository\org\eclipse\persistence\org.eclipse.persistence.core\2.5.2-RC1\org.eclipse.persistence.core-2.5.2-RC1.jar;C:\Users\Sujith\.m2\repository\org\eclipse\persistence\org.eclipse.persistence.asm\2.5.2-RC1\org.eclipse.persistence.asm-2.5.2-RC1.jar;C:\Users\Sujith\.m2\repository\org\eclipse\persistence\org.eclipse.persistence.antlr\2.5.2-RC1\org.eclipse.persistence.antlr-2.5.2-RC1.jar;C:\Users\Sujith\.m2\repository\org\eclipse\persistence\org.eclipse.persistence.jpa\2.5.2-RC1\org.eclipse.persistence.jpa-2.5.2-RC1.jar;C:\Users\Sujith\.m2\repository\org\eclipse\persistence\org.eclipse.persistence.jpa.jpql\2.5.2-RC1\org.eclipse.persistence.jpa.jpql-2.5.2-RC1.jar;C:\Users\Sujith\.m2\repository\org\eclipse\persistence\javax.persistence\2.1.0-RC2\javax.persistence-2.1.0-RC2.jar;C:\Users\Sujith\.m2\repository\org\netbeans\modules\org-netbeans-modules-java-editor\RELEASE112\org-netbeans-modules-java-editor-RELEASE112.jar;C:\Users\Sujith\.m2\repository\org\netbeans\api\org-netbeans-modules-editor-bracesmatching\RELEASE112\org-netbeans-modules-editor-bracesmatching-RELEASE112.jar;C:\Users\Sujith\.m2\repository\org\netbeans\modules\org-netbeans-modules-java-completion\RELEASE112\org-netbeans-modules-java-completion-RELEASE112.jar;C:\Users\Sujith\.m2\repository\org\netbeans\modules\org-netbeans-modules-java-editor-base\RELEASE112\org-netbeans-modules-java-editor-base-RELEASE112.jar;C:\Users\Sujith\.m2\repository\org\netbeans\api\org-netbeans-modules-refactoring-java\RELEASE112\org-netbeans-modules-refactoring-java-RELEASE112.jar;C:\Users\Sujith\.m2\repository\org\netbeans\modules\org-netbeans-modules-gototest\RELEASE112\org-netbeans-modules-gototest-RELEASE112.jar;C:\Users\Sujith\.m2\repository\org\netbeans\modules\org-netbeans-modules-gsf-testrunner\RELEASE112\org-netbeans-modules-gsf-testrunner-RELEASE112.jar;C:\Users\Sujith\.m2\repository\org\netbeans\modules\org-netbeans-modules-gsf-testrunner-ui\RELEASE112\org-netbeans-modules-gsf-testrunner-ui-RELEASE112.jar;C:\Users\Sujith\.m2\repository\org\netbeans\modules\org-netbeans-modules-whitelist\RELEASE112\org-netbeans-modules-whitelist-RELEASE112.jar;C:\Users\Sujith\.m2\repository\org\netbeans\api\org-netbeans-modules-libs-corba-omgapi\RELEASE112\org-netbeans-modules-libs-corba-omgapi-RELEASE112.jar;C:\Users\Sujith\.m2\repository\org\glassfish\corba\glassfish-corba-omgapi\4.1.0\glassfish-corba-omgapi-4.1.0.jar;C:\Users\Sujith\.m2\repository\org\netbeans\api\org-netbeans-modules-java-source\RELEASE112\org-netbeans-modules-java-source-RELEASE112.jar;C:\Users\Sujith\.m2\repository\org\netbeans\api\org-netbeans-modules-autoupdate-ui\RELEASE112\org-netbeans-modules-autoupdate-ui-RELEASE112.jar;C:\Users\Sujith\.m2\repository\org\netbeans\api\org-netbeans-modules-editor-indent-project\RELEASE112\org-netbeans-modules-editor-indent-project-RELEASE112.jar;C:\Users\Sujith\.m2\repository\org\netbeans\api\org-netbeans-modules-editor-indent-support\RELEASE112\org-netbeans-modules-editor-indent-support-RELEASE112.jar;C:\Users\Sujith\.m2\repository\org\netbeans\api\org-netbeans-modules-xml-lexer\RELEASE112\org-netbeans-modules-xml-lexer-RELEASE112.jar;C:\Users\Sujith\.m2\repository\org\netbeans\modules\org-netbeans-modules-xml-multiview\RELEASE112\org-netbeans-modules-xml-multiview-RELEASE112.jar;C:\Users\Sujith\.m2\repository\org\netbeans\modules\org-netbeans-modules-xml-text\RELEASE112\org-netbeans-modules-xml-text-RELEASE112.jar;C:\Users\Sujith\.m2\repository\org\netbeans\modules\org-netbeans-modules-editor-structure\RELEASE112\org-netbeans-modules-editor-structure-RELEASE112.jar;C:\Users\Sujith\.m2\repository\org\netbeans\modules\org-netbeans-modules-java-api-common\RELEASE112\org-netbeans-modules-java-api-common-RELEASE112.jar;C:\Users\Sujith\.m2\repository\org\netbeans\api\org-netbeans-libs-antlr3-runtime\RELEASE112\org-netbeans-libs-antlr3-runtime-RELEASE112.jar;C:\Users\Sujith\.m2\repository\org\antlr\antlr-runtime\3.4\antlr-runtime-3.4.jar;C:\Users\Sujith\.m2\repository\org\antlr\stringtemplate\3.2.1\stringtemplate-3.2.1.jar;C:\Users\Sujith\.m2\repository\antlr\antlr\2.7.7\antlr-2.7.7.jar;C:\Users\Sujith\.m2\repository\org\netbeans\api\org-netbeans-modules-autoupdate-services\RELEASE112\org-netbeans-modules-autoupdate-services-RELEASE112.jar;C:\Users\Sujith\.m2\repository\org\netbeans\modules\org-netbeans-core-startup-base\RELEASE112\org-netbeans-core-startup-base-RELEASE112.jar;C:\Users\Sujith\.m2\repository\org\netbeans\external\updater\RELEASE112\updater-RELEASE112.jar;C:\Users\Sujith\.m2\repository\org\netbeans\api\org-netbeans-modules-extexecution\RELEASE112\org-netbeans-modules-extexecution-RELEASE112.jar;C:\Users\Sujith\.m2\repository\org\netbeans\api\org-netbeans-modules-extexecution-base\RELEASE112\org-netbeans-modules-extexecution-base-RELEASE112.jar;C:\Users\Sujith\.m2\repository\org\netbeans\api\org-netbeans-modules-java-platform-ui\RELEASE112\org-netbeans-modules-java-platform-ui-RELEASE112.jar;C:\Users\Sujith\.m2\repository\org\netbeans\api\org-netbeans-modules-java-editor-lib\RELEASE112\org-netbeans-modules-java-editor-lib-RELEASE112.jar;C:\Users\Sujith\.m2\repository\org\netbeans\api\org-netbeans-modules-editor-deprecated-pre65formatting\RELEASE112\org-netbeans-modules-editor-deprecated-pre65formatting-RELEASE112.jar;C:\Users\Sujith\.m2\repository\org\netbeans\api\org-netbeans-modules-java-platform\RELEASE112\org-netbeans-modules-java-platform-RELEASE112.jar;C:\Users\Sujith\.m2\repository\org\netbeans\api\org-netbeans-modules-java-sourceui\RELEASE112\org-netbeans-modules-java-sourceui-RELEASE112.jar;C:\Users\Sujith\.m2\repository\org\netbeans\modules\org-netbeans-modules-jumpto\RELEASE112\org-netbeans-modules-jumpto-RELEASE112.jar;C:\Users\Sujith\.m2\repository\org\netbeans\modules\org-netbeans-modules-javaee-injection\RELEASE112\org-netbeans-modules-javaee-injection-RELEASE112.jar;C:\Users\Sujith\.m2\repository\org\netbeans\api\org-netbeans-modules-project-libraries-ui\RELEASE112\org-netbeans-modules-project-libraries-ui-RELEASE112.jar;C:\Users\Sujith\.m2\repository\org\netbeans\api\org-netbeans-modules-projectuiapi\RELEASE112\org-netbeans-modules-projectuiapi-RELEASE112.jar;C:\Users\Sujith\.m2\repository\org\netbeans\api\org-netbeans-modules-projectuiapi-base\RELEASE112\org-netbeans-modules-projectuiapi-base-RELEASE112.jar;C:\Users\Sujith\.m2\repository\org\netbeans\api\org-netbeans-modules-queries\RELEASE112\org-netbeans-modules-queries-RELEASE112.jar;C:\Users\Sujith\.m2\repository\org\netbeans\modules\org-netbeans-modules-web-browser-api\RELEASE112\org-netbeans-modules-web-browser-api-RELEASE112.jar;C:\Users\Sujith\.m2\repository\org\netbeans\modules\org-netbeans-core\RELEASE112\org-netbeans-core-RELEASE112.jar;C:\Users\Sujith\.m2\repository\org\netbeans\modules\org-netbeans-modules-extbrowser\RELEASE112\org-netbeans-modules-extbrowser-RELEASE112.jar;C:\Users\Sujith\.m2\repository\org\netbeans\modules\org-netbeans-modules-web-common\RELEASE112\org-netbeans-modules-web-common-RELEASE112.jar;C:\Users\Sujith\.m2\repository\org\netbeans\api\org-netbeans-libs-json_simple\RELEASE112\org-netbeans-libs-json_simple-RELEASE112.jar;C:\Users\Sujith\.m2\repository\com\googlecode\json-simple\json-simple\1.1.1\json-simple-1.1.1.jar;C:\Users\Sujith\.m2\repository\org\netbeans\api\org-netbeans-modules-websvc-jaxws21api\RELEASE112\org-netbeans-modules-websvc-jaxws21api-RELEASE112.jar;C:\Users\Sujith\.m2\repository\org\netbeans\api\org-netbeans-modules-xml-jaxb-api\RELEASE112\org-netbeans-modules-xml-jaxb-api-RELEASE112.jar;C:\Users\Sujith\.m2\repository\javax\activation\activation\1.1.1\activation-1.1.1.jar;C:\Users\Sujith\.m2\repository\javax\xml\bind\jaxb-api\2.2.6\jaxb-api-2.2.6.jar;C:\Users\Sujith\.m2\repository\javax\xml\ws\jaxws-api\2.2.8\jaxws-api-2.2.8.jar;C:\Users\Sujith\.m2\repository\javax\jws\jsr181-api\1.0-MR1\jsr181-api-1.0-MR1.jar;C:\Users\Sujith\.m2\repository\org\glassfish\javax.annotation\3.1.1-b06\javax.annotation-3.1.1-b06.jar;C:\Users\Sujith\.m2\repository\javax\xml\soap\saaj-api\1.3.4\saaj-api-1.3.4.jar;C:\Users\Sujith\.m2\repository\org\netbeans\api\org-netbeans-spi-editor-hints\RELEASE112\org-netbeans-spi-editor-hints-RELEASE112.jar;C:\Users\Sujith\.m2\repository\org\netbeans\api\org-netbeans-spi-java-hints\RELEASE112\org-netbeans-spi-java-hints-RELEASE112.jar;C:\Users\Sujith\.m2\repository\org\netbeans\modules\org-netbeans-modules-code-analysis\RELEASE112\org-netbeans-modules-code-analysis-RELEASE112.jar;C:\Users\Sujith\.m2\repository\org\netbeans\api\org-netbeans-modules-editor-errorstripe-api\RELEASE112\org-netbeans-modules-editor-errorstripe-api-RELEASE112.jar;C:\Users\Sujith\.m2\repository\org\netbeans\api\org-netbeans-modules-options-api\RELEASE112\org-netbeans-modules-options-api-RELEASE112.jar;C:\Users\Sujith\.m2\repository\org\netbeans\modules\org-netbeans-modules-options-editor\RELEASE112\org-netbeans-modules-options-editor-RELEASE112.jar;C:\Users\Sujith\.m2\repository\org\netbeans\modules\org-netbeans-modules-options-keymap\RELEASE112\org-netbeans-modules-options-keymap-RELEASE112.jar;C:\Users\Sujith\.m2\repository\org\netbeans\api\org-openide-actions\RELEASE112\org-openide-actions-RELEASE112.jar;C:\Users\Sujith\.m2\repository\org\netbeans\api\org-openide-explorer\RELEASE112\org-openide-explorer-RELEASE112.jar;C:\Users\Sujith\.m2\repository\org\netbeans\api\org-netbeans-swing-outline\RELEASE112\org-netbeans-swing-outline-RELEASE112.jar;C:\Users\Sujith\.m2\repository\org\netbeans\api\org-netbeans-swing-tabcontrol\RELEASE112\org-netbeans-swing-tabcontrol-RELEASE112.jar;C:\Users\Sujith\.m2\repository\org\netbeans\api\org-openide-text\RELEASE112\org-openide-text-RELEASE112.jar;C:\Users\Sujith\.m2\repository\org\netbeans\api\org-openide-windows\RELEASE112\org-openide-windows-RELEASE112.jar;C:\Users\Sujith\.m2\repository\org\netbeans\api\org-netbeans-modules-j2ee-core\RELEASE112\org-netbeans-modules-j2ee-core-RELEASE112.jar;C:\Users\Sujith\.m2\repository\org\netbeans\api\org-netbeans-modules-j2ee-dd\RELEASE112\org-netbeans-modules-j2ee-dd-RELEASE112.jar;C:\Users\Sujith\.m2\repository\org\netbeans\api\org-netbeans-modules-java-project-ui\RELEASE112\org-netbeans-modules-java-project-ui-RELEASE112.jar;C:\Users\Sujith\.m2\repository\org\netbeans\api\org-netbeans-api-search\RELEASE112\org-netbeans-api-search-RELEASE112.jar;C:\Users\Sujith\.m2\repository\org\netbeans\api\org-netbeans-modules-schema2beans\RELEASE112\org-netbeans-modules-schema2beans-RELEASE112.jar;C:\Users\Sujith\.m2\repository\org\netbeans\api\org-netbeans-modules-xml-core\RELEASE112\org-netbeans-modules-xml-core-RELEASE112.jar;C:\Users\Sujith\.m2\repository\javaee\javaee-api\5\javaee-api-5.jar;C:\Users\Sujith\.m2\repository\org\netbeans\api\org-netbeans-modules-j2ee-metadata\RELEASE112\org-netbeans-modules-j2ee-metadata-RELEASE112.jar;C:\Users\Sujith\.m2\repository\org\netbeans\modules\org-netbeans-modules-j2ee-metadata-model-support\RELEASE112\org-netbeans-modules-j2ee-metadata-model-support-RELEASE112.jar;C:\Users\Sujith\.m2\repository\org\netbeans\modules\org-netbeans-modules-j2ee-persistenceapi\RELEASE112\org-netbeans-modules-j2ee-persistenceapi-RELEASE112.jar;C:\Users\Sujith\.m2\repository\org\netbeans\api\org-netbeans-modules-j2eeserver\RELEASE112\org-netbeans-modules-j2eeserver-RELEASE112.jar;C:\Users\Sujith\.m2\repository\org\netbeans\api\org-apache-tools-ant-module\RELEASE112\org-apache-tools-ant-module-RELEASE112.jar;C:\Users\Sujith\.m2\repository\org\netbeans\modules\org-netbeans-modules-options-java\RELEASE112\org-netbeans-modules-options-java-RELEASE112.jar;C:\Users\Sujith\.m2\repository\org\netbeans\modules\org-netbeans-modules-project-indexingbridge\RELEASE112\org-netbeans-modules-project-indexingbridge-RELEASE112.jar;C:\Users\Sujith\.m2\repository\org\netbeans\api\org-netbeans-spi-navigator\RELEASE112\org-netbeans-spi-navigator-RELEASE112.jar;C:\Users\Sujith\.m2\repository\org\netbeans\api\org-netbeans-api-debugger\RELEASE112\org-netbeans-api-debugger-RELEASE112.jar;C:\Users\Sujith\.m2\repository\org\netbeans\api\org-netbeans-api-debugger-jpda\RELEASE112\org-netbeans-api-debugger-jpda-RELEASE112.jar;C:\Users\Sujith\.m2\repository\org\netbeans\api\org-netbeans-api-progress-nb\RELEASE112\org-netbeans-api-progress-nb-RELEASE112.jar;C:\Users\Sujith\.m2\repository\org\netbeans\api\org-netbeans-api-xml\RELEASE112\org-netbeans-api-xml-RELEASE112.jar;C:\Users\Sujith\.m2\repository\org\netbeans\api\org-netbeans-api-xml-ui\RELEASE112\org-netbeans-api-xml-ui-RELEASE112.jar;C:\Users\Sujith\.m2\repository\org\netbeans\api\org-netbeans-modules-j2eeapis\RELEASE112\org-netbeans-modules-j2eeapis-RELEASE112.jar;C:\Users\Sujith\.m2\repository\javax\enterprise\deploy\deployment-api\1.2-rev-1\deployment-api-1.2-rev-1.jar;C:\Users\Sujith\.m2\repository\org\netbeans\api\org-netbeans-modules-keyring\RELEASE112\org-netbeans-modules-keyring-RELEASE112.jar;C:\Users\Sujith\.m2\repository\org\netbeans\api\org-netbeans-modules-project-ant-ui\RELEASE112\org-netbeans-modules-project-ant-ui-RELEASE112.jar;C:\Users\Sujith\.m2\repository\org\netbeans\api\org-netbeans-modules-server\RELEASE112\org-netbeans-modules-server-RELEASE112.jar;C:\Users\Sujith\.m2\repository\org\netbeans\api\org-netbeans-modules-settings\RELEASE112\org-netbeans-modules-settings-RELEASE112.jar;C:\Users\Sujith\.m2\repository\org\netbeans\modules\org-netbeans-bootstrap\RELEASE112\org-netbeans-bootstrap-RELEASE112.jar;C:\Users\Sujith\.m2\repository\org\netbeans\modules\org-netbeans-core-startup\RELEASE112\org-netbeans-core-startup-RELEASE112.jar;C:\Users\Sujith\.m2\repository\org\netbeans\api\org-openide-io\RELEASE112\org-openide-io-RELEASE112.jar;C:\Users\Sujith\.m2\repository\org\netbeans\api\org-netbeans-api-intent\RELEASE112\org-netbeans-api-intent-RELEASE112.jar;C:\Users\Sujith\.m2\repository\org\netbeans\api\org-netbeans-api-io\RELEASE112\org-netbeans-api-io-RELEASE112.jar;C:\Users\Sujith\.m2\repository\org\netbeans\api\org-netbeans-modules-java-project\RELEASE112\org-netbeans-modules-java-project-RELEASE112.jar;C:\Users\Sujith\.m2\repository\org\netbeans\api\org-netbeans-modules-classfile\RELEASE112\org-netbeans-modules-classfile-RELEASE112.jar;C:\Users\Sujith\.m2\repository\org\netbeans\api\org-netbeans-modules-java-source-base\RELEASE112\org-netbeans-modules-java-source-base-RELEASE112.jar;C:\Users\Sujith\.m2\repository\org\netbeans\api\org-netbeans-api-scripting\RELEASE112\org-netbeans-api-scripting-RELEASE112.jar;C:\Users\Sujith\.m2\repository\org\netbeans\modules\org-netbeans-lib-nbjavac\RELEASE112\org-netbeans-lib-nbjavac-RELEASE112.jar;C:\Users\Sujith\.m2\repository\org\netbeans\api\org-netbeans-libs-asm\RELEASE112\org-netbeans-libs-asm-RELEASE112.jar;C:\Users\Sujith\.m2\repository\org\ow2\asm\asm-all\5.0.1\asm-all-5.0.1.jar;C:\Users\Sujith\.m2\repository\org\netbeans\modules\org-netbeans-libs-javacimpl\RELEASE112\org-netbeans-libs-javacimpl-RELEASE112.jar;C:\Users\Sujith\.m2\repository\org\netbeans\api\org-netbeans-libs-lucene\RELEASE112\org-netbeans-libs-lucene-RELEASE112.jar;C:\Users\Sujith\.m2\repository\org\apache\lucene\lucene-core\3.5.0\lucene-core-3.5.0.jar;C:\Users\Sujith\.m2\repository\org\netbeans\api\org-netbeans-modules-editor-document\RELEASE112\org-netbeans-modules-editor-document-RELEASE112.jar;C:\Users\Sujith\.m2\repository\org\netbeans\api\org-netbeans-modules-editor-guards\RELEASE112\org-netbeans-modules-editor-guards-RELEASE112.jar;C:\Users\Sujith\.m2\repository\org\netbeans\api\org-netbeans-modules-editor-indent\RELEASE112\org-netbeans-modules-editor-indent-RELEASE112.jar;C:\Users\Sujith\.m2\repository\org\netbeans\api\org-netbeans-modules-editor-mimelookup\RELEASE112\org-netbeans-modules-editor-mimelookup-RELEASE112.jar;C:\Users\Sujith\.m2\repository\org\netbeans\api\org-netbeans-modules-editor-settings\RELEASE112\org-netbeans-modules-editor-settings-RELEASE112.jar;C:\Users\Sujith\.m2\repository\org\netbeans\api\org-netbeans-modules-editor-util\RELEASE112\org-netbeans-modules-editor-util-RELEASE112.jar;C:\Users\Sujith\.m2\repository\org\netbeans\api\org-netbeans-modules-java-lexer\RELEASE112\org-netbeans-modules-java-lexer-RELEASE112.jar;C:\Users\Sujith\.m2\repository\org\netbeans\modules\org-netbeans-modules-java-preprocessorbridge\RELEASE112\org-netbeans-modules-java-preprocessorbridge-RELEASE112.jar;C:\Users\Sujith\.m2\repository\org\netbeans\api\org-netbeans-modules-lexer\RELEASE112\org-netbeans-modules-lexer-RELEASE112.jar;C:\Users\Sujith\.m2\repository\org\netbeans\api\org-netbeans-modules-parsing-api\RELEASE112\org-netbeans-modules-parsing-api-RELEASE112.jar;C:\Users\Sujith\.m2\repository\org\netbeans\api\org-netbeans-modules-parsing-indexing\RELEASE112\org-netbeans-modules-parsing-indexing-RELEASE112.jar;C:\Users\Sujith\.m2\repository\org\netbeans\api\org-netbeans-spi-tasklist\RELEASE112\org-netbeans-spi-tasklist-RELEASE112.jar;C:\Users\Sujith\.m2\repository\org\netbeans\modules\org-netbeans-modules-parsing-lucene\RELEASE112\org-netbeans-modules-parsing-lucene-RELEASE112.jar;C:\Users\Sujith\.m2\repository\org\netbeans\modules\org-netbeans-modules-masterfs\RELEASE112\org-netbeans-modules-masterfs-RELEASE112.jar;C:\Users\Sujith\.m2\repository\org\netbeans\api\org-netbeans-modules-refactoring-api\RELEASE112\org-netbeans-modules-refactoring-api-RELEASE112.jar;C:\Users\Sujith\.m2\repository\org\netbeans\api\org-netbeans-modules-diff\RELEASE112\org-netbeans-modules-diff-RELEASE112.jar;C:\Users\Sujith\.m2\repository\org\netbeans\modules\org-netbeans-modules-javaee-specs-support\RELEASE112\org-netbeans-modules-javaee-specs-support-RELEASE112.jar;C:\Users\Sujith\.m2\repository\org\netbeans\api\org-netbeans-modules-project-ant\RELEASE112\org-netbeans-modules-project-ant-RELEASE112.jar;C:\Users\Sujith\.m2\repository\org\netbeans\modules\org-netbeans-modules-project-spi-intern\RELEASE112\org-netbeans-modules-project-spi-intern-RELEASE112.jar;C:\Users\Sujith\.m2\repository\org\netbeans\api\org-netbeans-modules-xml-catalog\RELEASE112\org-netbeans-modules-xml-catalog-RELEASE112.jar;C:\Users\Sujith\.m2\repository\org\netbeans\api\org-apache-xml-resolver\RELEASE112\org-apache-xml-resolver-RELEASE112.jar;C:\Users\Sujith\.m2\repository\org\netbeans\external\resolver-1.2\RELEASE112\resolver-1.2-RELEASE112.jar;C:\Users\Sujith\.m2\repository\org\netbeans\api\org-netbeans-modules-project-libraries\RELEASE112\org-netbeans-modules-project-libraries-RELEASE112.jar;C:\Users\Sujith\.m2\repository\org\netbeans\api\org-netbeans-modules-projectapi\RELEASE112\org-netbeans-modules-projectapi-RELEASE112.jar;C:\Users\Sujith\.m2\repository\org\netbeans\modules\org-netbeans-modules-websvc-jaxwsapi\RELEASE112\org-netbeans-modules-websvc-jaxwsapi-RELEASE112.jar;C:\Users\Sujith\.m2\repository\org\netbeans\api\org-netbeans-modules-j2ee-dd-webservice\RELEASE112\org-netbeans-modules-j2ee-dd-webservice-RELEASE112.jar;C:\Users\Sujith\.m2\repository\org\netbeans\modules\org-netbeans-modules-websvc-jaxwsmodel\RELEASE112\org-netbeans-modules-websvc-jaxwsmodel-RELEASE112.jar;C:\Users\Sujith\.m2\repository\org\netbeans\modules\org-netbeans-libs-jaxb\RELEASE112\org-netbeans-libs-jaxb-RELEASE112.jar;C:\Users\Sujith\.m2\repository\com\sun\xml\bind\jaxb-impl\2.2.5-2\jaxb-impl-2.2.5-2.jar;C:\Users\Sujith\.m2\repository\com\sun\xml\bind\jaxb1-impl\2.2.5-2\jaxb1-impl-2.2.5-2.jar;C:\Users\Sujith\.m2\repository\com\sun\xml\bind\jaxb-xjc\2.2.5-2\jaxb-xjc-2.2.5-2.jar;C:\Users\Sujith\.m2\repository\org\netbeans\modules\org-netbeans-modules-websvc-jaxws21\RELEASE112\org-netbeans-modules-websvc-jaxws21-RELEASE112.jar;C:\Users\Sujith\.m2\repository\com\sun\xml\fastinfoset\FastInfoset\1.2.12\FastInfoset-1.2.12.jar;C:\Users\Sujith\.m2\repository\javax\xml\bind\jsr173_api\1.0\jsr173_api-1.0.jar;C:\Users\Sujith\.m2\repository\org\glassfish\gmbal\gmbal-api-only\3.1.0-b001\gmbal-api-only-3.1.0-b001.jar;C:\Users\Sujith\.m2\repository\org\glassfish\ha\ha-api\3.1.8\ha-api-3.1.8.jar;C:\Users\Sujith\.m2\repository\javax\mail\mail\1.4\mail-1.4.jar;C:\Users\Sujith\.m2\repository\com\sun\xml\ws\jaxws-rt\2.2.6-1\jaxws-rt-2.2.6-1.jar;C:\Users\Sujith\.m2\repository\org\codehaus\woodstox\woodstox-core-asl\4.1.2\woodstox-core-asl-4.1.2.jar;C:\Users\Sujith\.m2\repository\com\sun\xml\ws\jaxws-tools\2.2.6-1\jaxws-tools-2.2.6-1.jar;C:\Users\Sujith\.m2\repository\org\glassfish\external\management-api\3.0.0-b012\management-api-3.0.0-b012.jar;C:\Users\Sujith\.m2\repository\org\jvnet\mimepull\mimepull\1.8\mimepull-1.8.jar;C:\Users\Sujith\.m2\repository\com\sun\xml\ws\policy\2.3.1\policy-2.3.1.jar;C:\Users\Sujith\.m2\repository\javax\xml\stream\stax-api\1.0-2\stax-api-1.0-2.jar;C:\Users\Sujith\.m2\repository\com\sun\xml\txw2\txw2\20110809\txw2-20110809.jar;C:\Users\Sujith\.m2\repository\relaxngDatatype\relaxngDatatype\20020414\relaxngDatatype-20020414.jar;C:\Users\Sujith\.m2\repository\com\sun\istack\istack-commons-runtime\2.4\istack-commons-runtime-2.4.jar;C:\Users\Sujith\.m2\repository\com\sun\xml\messaging\saaj\saaj-impl\1.3.18\saaj-impl-1.3.18.jar;C:\Users\Sujith\.m2\repository\org\jvnet\staxex\stax-ex\1.7\stax-ex-1.7.jar;C:\Users\Sujith\.m2\repository\org\codehaus\woodstox\stax2-api\3.1.1\stax2-api-3.1.1.jar;C:\Users\Sujith\.m2\repository\com\sun\xml\stream\buffer\streambuffer\1.4\streambuffer-1.4.jar;C:\Users\Sujith\.m2\repository\org\netbeans\modules\org-netbeans-modules-websvc-jaxwsmodelapi\RELEASE112\org-netbeans-modules-websvc-jaxwsmodelapi-RELEASE112.jar;C:\Users\Sujith\.m2\repository\org\netbeans\api\org-netbeans-modules-xml-catalog-ui\RELEASE112\org-netbeans-modules-xml-catalog-ui-RELEASE112.jar;C:\Users\Sujith\.m2\repository\org\netbeans\api\org-netbeans-modules-xml-retriever\RELEASE112\org-netbeans-modules-xml-retriever-RELEASE112.jar;C:\Users\Sujith\.m2\repository\org\netbeans\api\org-netbeans-modules-xml-wsdl-model\RELEASE112\org-netbeans-modules-xml-wsdl-model-RELEASE112.jar;C:\Users\Sujith\.m2\repository\org\netbeans\api\org-netbeans-modules-xml-schema-model\RELEASE112\org-netbeans-modules-xml-schema-model-RELEASE112.jar;C:\Users\Sujith\.m2\repository\org\netbeans\external\generated-wsdl-xsd-2004.08.24\RELEASE112\generated-wsdl-xsd-2004.08.24-RELEASE112.jar;C:\Users\Sujith\.m2\repository\org\netbeans\api\org-netbeans-modules-xml-xam\RELEASE112\org-netbeans-modules-xml-xam-RELEASE112.jar;C:\Users\Sujith\.m2\repository\org\netbeans\api\org-openide-execution\RELEASE112\org-openide-execution-RELEASE112.jar;C:\Users\Sujith\.m2\repository\org\netbeans\api\org-netbeans-modules-websvc-wsstackapi\RELEASE112\org-netbeans-modules-websvc-wsstackapi-RELEASE112.jar;C:\Users\Sujith\.m2\repository\org\netbeans\api\org-openide-awt\RELEASE112\org-openide-awt-RELEASE112.jar;C:\Users\Sujith\.m2\repository\org\netbeans\api\org-openide-dialogs\RELEASE112\org-openide-dialogs-RELEASE112.jar;C:\Users\Sujith\.m2\repository\org\netbeans\api\org-openide-filesystems\RELEASE112\org-openide-filesystems-RELEASE112.jar;C:\Users\Sujith\.m2\repository\org\netbeans\api\org-openide-loaders\RELEASE112\org-openide-loaders-RELEASE112.jar;C:\Users\Sujith\.m2\repository\org\netbeans\api\org-netbeans-api-templates\RELEASE112\org-netbeans-api-templates-RELEASE112.jar;C:\Users\Sujith\.m2\repository\org\netbeans\api\org-openide-filesystems-nb\RELEASE112\org-openide-filesystems-nb-RELEASE112.jar;C:\Users\Sujith\.m2\repository\org\netbeans\api\org-openide-modules\RELEASE112\org-openide-modules-RELEASE112.jar;C:\Users\Sujith\.m2\repository\org\netbeans\api\org-openide-nodes\RELEASE112\org-openide-nodes-RELEASE112.jar;C:\Users\Sujith\.m2\repository\org\netbeans\api\org-openide-util-ui\RELEASE112\org-openide-util-ui-RELEASE112.jar;C:\Users\Sujith\.m2\repository\org\netbeans\api\org-openide-util\RELEASE112\org-openide-util-RELEASE112.jar;C:\Users\Sujith\.m2\repository\org\netbeans\api\org-openide-util-lookup\RELEASE112\org-openide-util-lookup-RELEASE112.jar;C:\Users\Sujith\.m2\repository\io\appium\java-client\7.3.0\java-client-7.3.0.jar;C:\Users\Sujith\.m2\repository\com\google\code\gson\gson\2.8.5\gson-2.8.5.jar;C:\Users\Sujith\.m2\repository\org\apache\httpcomponents\httpclient\4.5.9\httpclient-4.5.9.jar;C:\Users\Sujith\.m2\repository\org\apache\httpcomponents\httpcore\4.4.11\httpcore-4.4.11.jar;C:\Users\Sujith\.m2\repository\commons-logging\commons-logging\1.2\commons-logging-1.2.jar;C:\Users\Sujith\.m2\repository\commons-codec\commons-codec\1.11\commons-codec-1.11.jar;C:\Users\Sujith\.m2\repository\cglib\cglib\3.2.12\cglib-3.2.12.jar;C:\Users\Sujith\.m2\repository\org\ow2\asm\asm\7.1\asm-7.1.jar;C:\Users\Sujith\.m2\repository\commons-validator\commons-validator\1.6\commons-validator-1.6.jar;C:\Users\Sujith\.m2\repository\commons-beanutils\commons-beanutils\1.9.2\commons-beanutils-1.9.2.jar;C:\Users\Sujith\.m2\repository\commons-digester\commons-digester\1.8.1\commons-digester-1.8.1.jar;C:\Users\Sujith\.m2\repository\commons-collections\commons-collections\3.2.2\commons-collections-3.2.2.jar;C:\Users\Sujith\.m2\repository\org\apache\commons\commons-lang3\3.9\commons-lang3-3.9.jar;C:\Users\Sujith\.m2\repository\commons-io\commons-io\2.6\commons-io-2.6.jar;C:\Users\Sujith\.m2\repository\org\springframework\spring-context\5.1.8.RELEASE\spring-context-5.1.8.RELEASE.jar;C:\Users\Sujith\.m2\repository\org\springframework\spring-aop\5.1.8.RELEASE\spring-aop-5.1.8.RELEASE.jar;C:\Users\Sujith\.m2\repository\org\springframework\spring-beans\5.1.8.RELEASE\spring-beans-5.1.8.RELEASE.jar;C:\Users\Sujith\.m2\repository\org\springframework\spring-core\5.1.8.RELEASE\spring-core-5.1.8.RELEASE.jar;C:\Users\Sujith\.m2\repository\org\springframework\spring-jcl\5.1.8.RELEASE\spring-jcl-5.1.8.RELEASE.jar;C:\Users\Sujith\.m2\repository\org\springframework\spring-expression\5.1.8.RELEASE\spring-expression-5.1.8.RELEASE.jar;C:\Users\Sujith\.m2\repository\org\aspectj\aspectjweaver\1.9.4\aspectjweaver-1.9.4.jar;C:\Users\Sujith\.m2\repository\org\slf4j\slf4j-api\1.7.26\slf4j-api-1.7.26.jar;C:\Users\Sujith\.m2\repository\junit\junit\3.8.1\junit-3.8.1.jar;"/>
    <property name="sun.cpu.endian" value="little"/>
    <property name="user.home" value="C:\Users\Sujith"/>
    <property name="user.language" value="en"/>
    <property name="java.specification.vendor" value="Oracle Corporation"/>
    <property name="java.version.date" value="2018-10-16"/>
    <property name="java.home" value="C:\Program Files\Java\jdk-11.0.1"/>
    <property name="file.separator" value="\"/>
    <property name="basedir" value="C:\Users\Sujith\MavenJava"/>
    <property name="java.vm.compressedOopsMode" value="32-bit"/>
    <property name="line.separator" value="&#10;"/>
    <property name="java.specification.name" value="Java Platform API Specification"/>
    <property name="java.vm.specification.vendor" value="Oracle Corporation"/>
    <property name="java.awt.graphicsenv" value="sun.awt.Win32GraphicsEnvironment"/>
    <property name="surefire.real.class.path" value="C:\Users\Sujith\AppData\Local\Temp\surefire8805627670110861888\surefirebooter11813565075485777056.jar"/>
    <property name="user.script" value=""/>
    <property name="sun.management.compiler" value="HotSpot 64-Bit Tiered Compilers"/>
    <property name="java.runtime.version" value="11.0.1+13-LTS"/>
    <property name="user.name" value="Sujith"/>
    <property name="path.separator" value=";"/>
    <property name="os.version" value="6.1"/>
    <property name="java.runtime.name" value="Java(TM) SE Runtime Environment"/>
    <property name="file.encoding" value="Cp1252"/>
    <property name="java.vm.name" value="Java HotSpot(TM) 64-Bit Server VM"/>
    <property name="java.vendor.version" value="18.9"/>
    <property name="localRepository" value="C:\Users\Sujith\.m2\repository"/>
    <property name="java.vendor.url.bug" value="http://bugreport.java.com/bugreport/"/>
    <property name="java.io.tmpdir" value="C:\Users\Sujith\AppData\Local\Temp\"/>
    <property name="java.version" value="11.0.1"/>
    <property name="user.dir" value="C:\Users\Sujith\MavenJava"/>
    <property name="os.arch" value="amd64"/>
    <property name="java.vm.specification.name" value="Java Virtual Machine Specification"/>
    <property name="java.awt.printerjob" value="sun.awt.windows.WPrinterJob"/>
    <property name="sun.os.patch.level" value="Service Pack 1"/>
    <property name="java.library.path" value="C:\Program Files\Java\jdk-11.0.1\bin;C:\Windows\Sun\Java\bin;C:\Windows\system32;C:\Windows;C:\Program Files (x86)\Common Files\Oracle\Java\javapath;C:\Windows\system32;C:\Windows;C:\Windows\System32\Wbem;C:\Windows\System32\WindowsPowerShell\v1.0\;C:\Program Files (x86)\Intel\OpenCL SDK\2.0\bin\x86;C:\Program Files (x86)\Intel\OpenCL SDK\2.0\bin\x64;C:\Program Files\Intel\WiFi\bin\;C:\Program Files\Common Files\Intel\WirelessCommon\;C:\Program Files\Java\jdk-11.0.1\bin;C:\Program Files (x86)\Microsoft SQL Server\100\Tools\Binn\;C:\Program Files\Microsoft SQL Server\100\Tools\Binn\;C:\Program Files\Microsoft SQL Server\100\DTS\Binn\;C:\Android;C:\Windows\System32;C:\Users\Sujith\Downloads\apache-maven-3.6.3-bin\apache-maven-3.6.3\bin;C:\Program Files\Intel\WiFi\bin\;C:\Program Files\Common Files\Intel\WirelessCommon\;."/>
    <property name="java.vendor" value="Oracle Corporation"/>
    <property name="java.vm.info" value="mixed mode"/>
    <property name="java.vm.version" value="11.0.1+13-LTS"/>
    <property name="sun.io.unicode.encoding" value="UnicodeLittle"/>
    <property name="java.class.version" value="55.0"/>
  </properties>
</testsuite>